Determining if the pthread_create exist failed with the following output:
Change Dir: /mnt/d/DeepLearning/PCL_Segmentation/point_net/pointnet/Coordinates_PCD/build/CMakeFiles/CMakeTmp

Run Build Command:"/usr/bin/make" "cmTC_90bce/fast"
/usr/bin/make -f CMakeFiles/cmTC_90bce.dir/build.make CMakeFiles/cmTC_90bce.dir/build
make[1]: Entering directory '/mnt/d/DeepLearning/PCL_Segmentation/point_net/pointnet/Coordinates_PCD/build/CMakeFiles/CMakeTmp'
Building C object CMakeFiles/cmTC_90bce.dir/CheckSymbolExists.c.o
/usr/bin/cc     -o CMakeFiles/cmTC_90bce.dir/CheckSymbolExists.c.o   -c /mnt/d/DeepLearning/PCL_Segmentation/point_net/pointnet/Coordinates_PCD/build/CMakeFiles/CMakeTmp/CheckSymbolExists.c
Linking C executable cmTC_90bce
/usr/bin/cmake -E cmake_link_script CMakeFiles/cmTC_90bce.dir/link.txt --verbose=1
/usr/bin/cc       CMakeFiles/cmTC_90bce.dir/CheckSymbolExists.c.o  -o cmTC_90bce -rdynamic 
CMakeFiles/cmTC_90bce.dir/CheckSymbolExists.c.o: In function `main':
CheckSymbolExists.c:(.text+0x16): undefined reference to `pthread_create'
collect2: error: ld returned 1 exit status
CMakeFiles/cmTC_90bce.dir/build.make:97: recipe for target 'cmTC_90bce' failed
make[1]: *** [cmTC_90bce] Error 1
make[1]: Leaving directory '/mnt/d/DeepLearning/PCL_Segmentation/point_net/pointnet/Coordinates_PCD/build/CMakeFiles/CMakeTmp'
Makefile:126: recipe for target 'cmTC_90bce/fast' failed
make: *** [cmTC_90bce/fast] Error 2

File /mnt/d/DeepLearning/PCL_Segmentation/point_net/pointnet/Coordinates_PCD/build/CMakeFiles/CMakeTmp/CheckSymbolExists.c:
/* */
#include <pthread.h>

int main(int argc, char** argv)
{
  (void)argv;
#ifndef pthread_create
  return ((int*)(&pthread_create))[argc];
#else
  (void)argc;
  return 0;
#endif
}

Determining if the function pthread_create exists in the pthreads failed with the following output:
Change Dir: /mnt/d/DeepLearning/PCL_Segmentation/point_net/pointnet/Coordinates_PCD/build/CMakeFiles/CMakeTmp

Run Build Command:"/usr/bin/make" "cmTC_2e972/fast"
/usr/bin/make -f CMakeFiles/cmTC_2e972.dir/build.make CMakeFiles/cmTC_2e972.dir/build
make[1]: Entering directory '/mnt/d/DeepLearning/PCL_Segmentation/point_net/pointnet/Coordinates_PCD/build/CMakeFiles/CMakeTmp'
Building C object CMakeFiles/cmTC_2e972.dir/CheckFunctionExists.c.o
/usr/bin/cc    -DCHECK_FUNCTION_EXISTS=pthread_create   -o CMakeFiles/cmTC_2e972.dir/CheckFunctionExists.c.o   -c /usr/share/cmake-3.5/Modules/CheckFunctionExists.c
Linking C executable cmTC_2e972
/usr/bin/cmake -E cmake_link_script CMakeFiles/cmTC_2e972.dir/link.txt --verbose=1
/usr/bin/cc   -DCHECK_FUNCTION_EXISTS=pthread_create    CMakeFiles/cmTC_2e972.dir/CheckFunctionExists.c.o  -o cmTC_2e972 -rdynamic -lpthreads 
/usr/bin/ld: cannot find -lpthreads
collect2: error: ld returned 1 exit status
CMakeFiles/cmTC_2e972.dir/build.make:97: recipe for target 'cmTC_2e972' failed
make[1]: *** [cmTC_2e972] Error 1
make[1]: Leaving directory '/mnt/d/DeepLearning/PCL_Segmentation/point_net/pointnet/Coordinates_PCD/build/CMakeFiles/CMakeTmp'
Makefile:126: recipe for target 'cmTC_2e972/fast' failed
make: *** [cmTC_2e972/fast] Error 2


